<?xml version="1.0" encoding="UTF-8"?>
<testsuites>
  <testsuite name="/var/www/vhosts/doctrine-static-meta/example/standalone/project/tests" tests="18" assertions="107" errors="0" failures="0" skipped="0" time="0.283497">
    <testsuite name="My\Test\Project\Entities\AddressTest" file="/var/www/vhosts/doctrine-static-meta/example/standalone/project/tests/Entities/AddressTest.php" tests="2" assertions="11" errors="0" failures="0" skipped="0" time="0.052604">
      <testcase name="testValidateSchema" class="My\Test\Project\Entities\AddressTest" classname="My.Test.Project.Entities.AddressTest" file="/var/www/vhosts/doctrine-static-meta/example/standalone/project/tests/Entities/AddressTest.php" line="156" assertions="1" time="0.011982"/>
      <testcase name="testGeneratedCreate" class="My\Test\Project\Entities\AddressTest" classname="My.Test.Project.Entities.AddressTest" file="/var/www/vhosts/doctrine-static-meta/example/standalone/project/tests/Entities/AddressTest.php" line="193" assertions="10" time="0.040622"/>
    </testsuite>
    <testsuite name="My\Test\Project\Entities\Customer\CategoryTest" file="/var/www/vhosts/doctrine-static-meta/example/standalone/project/tests/Entities/Customer/CategoryTest.php" tests="2" assertions="11" errors="0" failures="0" skipped="0" time="0.036613">
      <testcase name="testValidateSchema" class="My\Test\Project\Entities\Customer\CategoryTest" classname="My.Test.Project.Entities.Customer.CategoryTest" file="/var/www/vhosts/doctrine-static-meta/example/standalone/project/tests/Entities/Customer/CategoryTest.php" line="156" assertions="1" time="0.015201"/>
      <testcase name="testGeneratedCreate" class="My\Test\Project\Entities\Customer\CategoryTest" classname="My.Test.Project.Entities.Customer.CategoryTest" file="/var/www/vhosts/doctrine-static-meta/example/standalone/project/tests/Entities/Customer/CategoryTest.php" line="193" assertions="10" time="0.021412"/>
    </testsuite>
    <testsuite name="My\Test\Project\Entities\Customer\SegmentTest" file="/var/www/vhosts/doctrine-static-meta/example/standalone/project/tests/Entities/Customer/SegmentTest.php" tests="2" assertions="11" errors="0" failures="0" skipped="0" time="0.034045">
      <testcase name="testValidateSchema" class="My\Test\Project\Entities\Customer\SegmentTest" classname="My.Test.Project.Entities.Customer.SegmentTest" file="/var/www/vhosts/doctrine-static-meta/example/standalone/project/tests/Entities/Customer/SegmentTest.php" line="156" assertions="1" time="0.009004"/>
      <testcase name="testGeneratedCreate" class="My\Test\Project\Entities\Customer\SegmentTest" classname="My.Test.Project.Entities.Customer.SegmentTest" file="/var/www/vhosts/doctrine-static-meta/example/standalone/project/tests/Entities/Customer/SegmentTest.php" line="193" assertions="10" time="0.025041"/>
    </testsuite>
    <testsuite name="My\Test\Project\Entities\CustomerTest" file="/var/www/vhosts/doctrine-static-meta/example/standalone/project/tests/Entities/CustomerTest.php" tests="2" assertions="28" errors="0" failures="0" skipped="0" time="0.063835">
      <testcase name="testValidateSchema" class="My\Test\Project\Entities\CustomerTest" classname="My.Test.Project.Entities.CustomerTest" file="/var/www/vhosts/doctrine-static-meta/example/standalone/project/tests/Entities/CustomerTest.php" line="156" assertions="1" time="0.003608"/>
      <testcase name="testGeneratedCreate" class="My\Test\Project\Entities\CustomerTest" classname="My.Test.Project.Entities.CustomerTest" file="/var/www/vhosts/doctrine-static-meta/example/standalone/project/tests/Entities/CustomerTest.php" line="193" assertions="27" time="0.060227"/>
    </testsuite>
    <testsuite name="My\Test\Project\Entities\Order\AddressTest" file="/var/www/vhosts/doctrine-static-meta/example/standalone/project/tests/Entities/Order/AddressTest.php" tests="2" assertions="8" errors="0" failures="0" skipped="0" time="0.037945">
      <testcase name="testValidateSchema" class="My\Test\Project\Entities\Order\AddressTest" classname="My.Test.Project.Entities.Order.AddressTest" file="/var/www/vhosts/doctrine-static-meta/example/standalone/project/tests/Entities/Order/AddressTest.php" line="156" assertions="1" time="0.013941"/>
      <testcase name="testGeneratedCreate" class="My\Test\Project\Entities\Order\AddressTest" classname="My.Test.Project.Entities.Order.AddressTest" file="/var/www/vhosts/doctrine-static-meta/example/standalone/project/tests/Entities/Order/AddressTest.php" line="193" assertions="7" time="0.024004"/>
    </testsuite>
    <testsuite name="My\Test\Project\Entities\Order\LineItemTest" file="/var/www/vhosts/doctrine-static-meta/example/standalone/project/tests/Entities/Order/LineItemTest.php" tests="2" assertions="8" errors="0" failures="0" skipped="0" time="0.014122">
      <testcase name="testValidateSchema" class="My\Test\Project\Entities\Order\LineItemTest" classname="My.Test.Project.Entities.Order.LineItemTest" file="/var/www/vhosts/doctrine-static-meta/example/standalone/project/tests/Entities/Order/LineItemTest.php" line="156" assertions="1" time="0.002170"/>
      <testcase name="testGeneratedCreate" class="My\Test\Project\Entities\Order\LineItemTest" classname="My.Test.Project.Entities.Order.LineItemTest" file="/var/www/vhosts/doctrine-static-meta/example/standalone/project/tests/Entities/Order/LineItemTest.php" line="193" assertions="7" time="0.011952"/>
    </testsuite>
    <testsuite name="My\Test\Project\Entities\OrderTest" file="/var/www/vhosts/doctrine-static-meta/example/standalone/project/tests/Entities/OrderTest.php" tests="2" assertions="14" errors="0" failures="0" skipped="0" time="0.018362">
      <testcase name="testValidateSchema" class="My\Test\Project\Entities\OrderTest" classname="My.Test.Project.Entities.OrderTest" file="/var/www/vhosts/doctrine-static-meta/example/standalone/project/tests/Entities/OrderTest.php" line="156" assertions="1" time="0.005966"/>
      <testcase name="testGeneratedCreate" class="My\Test\Project\Entities\OrderTest" classname="My.Test.Project.Entities.OrderTest" file="/var/www/vhosts/doctrine-static-meta/example/standalone/project/tests/Entities/OrderTest.php" line="193" assertions="13" time="0.012396"/>
    </testsuite>
    <testsuite name="My\Test\Project\Entities\Product\BrandTest" file="/var/www/vhosts/doctrine-static-meta/example/standalone/project/tests/Entities/Product/BrandTest.php" tests="2" assertions="6" errors="0" failures="0" skipped="0" time="0.008721">
      <testcase name="testValidateSchema" class="My\Test\Project\Entities\Product\BrandTest" classname="My.Test.Project.Entities.Product.BrandTest" file="/var/www/vhosts/doctrine-static-meta/example/standalone/project/tests/Entities/Product/BrandTest.php" line="156" assertions="1" time="0.002053"/>
      <testcase name="testGeneratedCreate" class="My\Test\Project\Entities\Product\BrandTest" classname="My.Test.Project.Entities.Product.BrandTest" file="/var/www/vhosts/doctrine-static-meta/example/standalone/project/tests/Entities/Product/BrandTest.php" line="193" assertions="5" time="0.006668"/>
    </testsuite>
    <testsuite name="My\Test\Project\Entities\ProductTest" file="/var/www/vhosts/doctrine-static-meta/example/standalone/project/tests/Entities/ProductTest.php" tests="2" assertions="10" errors="0" failures="0" skipped="0" time="0.017251">
      <testcase name="testValidateSchema" class="My\Test\Project\Entities\ProductTest" classname="My.Test.Project.Entities.ProductTest" file="/var/www/vhosts/doctrine-static-meta/example/standalone/project/tests/Entities/ProductTest.php" line="156" assertions="1" time="0.002024"/>
      <testcase name="testGeneratedCreate" class="My\Test\Project\Entities\ProductTest" classname="My.Test.Project.Entities.ProductTest" file="/var/www/vhosts/doctrine-static-meta/example/standalone/project/tests/Entities/ProductTest.php" line="193" assertions="9" time="0.015227"/>
    </testsuite>
  </testsuite>
</testsuites>
